20:45:48.834 [main] INFO  api.test.UserTests - ********** Creating user  ***************
20:45:50.881 [main] INFO  api.test.UserTests - **********User is creatged  ***************
20:45:50.888 [main] INFO  api.test.UserTests - ********** Reading User Info ***************
20:45:52.034 [main] INFO  api.test.UserTests - **********User info  is displayed ***************
20:45:52.036 [main] INFO  api.test.UserTests - ********** Updating User ***************
20:45:53.159 [main] INFO  api.test.UserTests - ********** User updated ***************
20:45:54.339 [main] INFO  api.test.UserTests - **********   Deleting User  ***************
20:45:55.486 [main] INFO  api.test.UserTests - ********** User deleted ***************
21:33:40.559 [main] INFO  api.test.UserTests2 - ********** Creating user  ***************
21:33:42.689 [main] INFO  api.test.UserTests2 - **********User is creatged  ***************
21:33:42.697 [main] INFO  api.test.UserTests2 - ********** Reading User Info ***************
21:33:43.844 [main] INFO  api.test.UserTests2 - **********User info  is displayed ***************
21:33:43.846 [main] INFO  api.test.UserTests2 - ********** Updating User ***************
21:33:44.964 [main] INFO  api.test.UserTests2 - ********** User updated ***************
21:33:46.125 [main] INFO  api.test.UserTests2 - **********   Deleting User  ***************
21:33:47.296 [main] INFO  api.test.UserTests2 - ********** User deleted ***************
21:45:35.917 [main] DEBUG org.apache.poi.openxml4j.opc.PackageRelationshipCollection - Parsing relationship: /xl/_rels/workbook.xml.rels
21:45:35.920 [main] DEBUG org.apache.poi.openxml4j.opc.PackageRelationshipCollection - Parsing relationship: /xl/worksheets/_rels/sheet1.xml.rels
21:45:35.921 [main] DEBUG org.apache.poi.openxml4j.opc.PackageRelationshipCollection - Parsing relationship: /_rels/.rels
21:45:36.110 [main] DEBUG org.apache.poi.ooxml.POIXMLFactory - using default POIXMLDocumentPart for http://schemas.openxmlformats.org/officeDocument/2006/relationships/printerSettings
21:45:36.155 [main] DEBUG org.apache.poi.openxml4j.opc.PackageRelationshipCollection - Parsing relationship: /xl/_rels/workbook.xml.rels
21:45:36.155 [main] DEBUG org.apache.poi.openxml4j.opc.PackageRelationshipCollection - Parsing relationship: /xl/worksheets/_rels/sheet1.xml.rels
21:45:36.156 [main] DEBUG org.apache.poi.openxml4j.opc.PackageRelationshipCollection - Parsing relationship: /_rels/.rels
21:45:36.162 [main] DEBUG org.apache.poi.ooxml.POIXMLFactory - using default POIXMLDocumentPart for http://schemas.openxmlformats.org/officeDocument/2006/relationships/printerSettings
21:45:36.171 [main] DEBUG org.apache.poi.openxml4j.opc.PackageRelationshipCollection - Parsing relationship: /xl/_rels/workbook.xml.rels
21:45:36.171 [main] DEBUG org.apache.poi.openxml4j.opc.PackageRelationshipCollection - Parsing relationship: /xl/worksheets/_rels/sheet1.xml.rels
21:45:36.172 [main] DEBUG org.apache.poi.openxml4j.opc.PackageRelationshipCollection - Parsing relationship: /_rels/.rels
21:45:36.177 [main] DEBUG org.apache.poi.ooxml.POIXMLFactory - using default POIXMLDocumentPart for http://schemas.openxmlformats.org/officeDocument/2006/relationships/printerSettings
21:45:36.197 [main] DEBUG org.apache.poi.openxml4j.opc.PackageRelationshipCollection - Parsing relationship: /xl/_rels/workbook.xml.rels
21:45:36.197 [main] DEBUG org.apache.poi.openxml4j.opc.PackageRelationshipCollection - Parsing relationship: /xl/worksheets/_rels/sheet1.xml.rels
21:45:36.198 [main] DEBUG org.apache.poi.openxml4j.opc.PackageRelationshipCollection - Parsing relationship: /_rels/.rels
21:45:36.202 [main] DEBUG org.apache.poi.ooxml.POIXMLFactory - using default POIXMLDocumentPart for http://schemas.openxmlformats.org/officeDocument/2006/relationships/printerSettings
21:45:36.210 [main] DEBUG org.apache.poi.openxml4j.opc.PackageRelationshipCollection - Parsing relationship: /xl/_rels/workbook.xml.rels
21:45:36.211 [main] DEBUG org.apache.poi.openxml4j.opc.PackageRelationshipCollection - Parsing relationship: /xl/worksheets/_rels/sheet1.xml.rels
21:45:36.211 [main] DEBUG org.apache.poi.openxml4j.opc.PackageRelationshipCollection - Parsing relationship: /_rels/.rels
21:45:36.216 [main] DEBUG org.apache.poi.ooxml.POIXMLFactory - using default POIXMLDocumentPart for http://schemas.openxmlformats.org/officeDocument/2006/relationships/printerSettings
21:45:36.222 [main] DEBUG org.apache.poi.openxml4j.opc.PackageRelationshipCollection - Parsing relationship: /xl/_rels/workbook.xml.rels
21:45:36.223 [main] DEBUG org.apache.poi.openxml4j.opc.PackageRelationshipCollection - Parsing relationship: /xl/worksheets/_rels/sheet1.xml.rels
21:45:36.223 [main] DEBUG org.apache.poi.openxml4j.opc.PackageRelationshipCollection - Parsing relationship: /_rels/.rels
21:45:36.227 [main] DEBUG org.apache.poi.ooxml.POIXMLFactory - using default POIXMLDocumentPart for http://schemas.openxmlformats.org/officeDocument/2006/relationships/printerSettings
21:45:36.233 [main] DEBUG org.apache.poi.openxml4j.opc.PackageRelationshipCollection - Parsing relationship: /xl/_rels/workbook.xml.rels
21:45:36.233 [main] DEBUG org.apache.poi.openxml4j.opc.PackageRelationshipCollection - Parsing relationship: /xl/worksheets/_rels/sheet1.xml.rels
21:45:36.234 [main] DEBUG org.apache.poi.openxml4j.opc.PackageRelationshipCollection - Parsing relationship: /_rels/.rels
21:45:36.237 [main] DEBUG org.apache.poi.ooxml.POIXMLFactory - using default POIXMLDocumentPart for http://schemas.openxmlformats.org/officeDocument/2006/relationships/printerSettings
21:45:36.248 [main] DEBUG org.apache.poi.openxml4j.opc.PackageRelationshipCollection - Parsing relationship: /xl/_rels/workbook.xml.rels
21:45:36.248 [main] DEBUG org.apache.poi.openxml4j.opc.PackageRelationshipCollection - Parsing relationship: /xl/worksheets/_rels/sheet1.xml.rels
21:45:36.249 [main] DEBUG org.apache.poi.openxml4j.opc.PackageRelationshipCollection - Parsing relationship: /_rels/.rels
21:45:36.253 [main] DEBUG org.apache.poi.ooxml.POIXMLFactory - using default POIXMLDocumentPart for http://schemas.openxmlformats.org/officeDocument/2006/relationships/printerSettings
21:45:36.259 [main] DEBUG org.apache.poi.openxml4j.opc.PackageRelationshipCollection - Parsing relationship: /xl/_rels/workbook.xml.rels
21:45:36.259 [main] DEBUG org.apache.poi.openxml4j.opc.PackageRelationshipCollection - Parsing relationship: /xl/worksheets/_rels/sheet1.xml.rels
21:45:36.259 [main] DEBUG org.apache.poi.openxml4j.opc.PackageRelationshipCollection - Parsing relationship: /_rels/.rels
21:45:36.263 [main] DEBUG org.apache.poi.ooxml.POIXMLFactory - using default POIXMLDocumentPart for http://schemas.openxmlformats.org/officeDocument/2006/relationships/printerSettings
21:45:36.268 [main] DEBUG org.apache.poi.openxml4j.opc.PackageRelationshipCollection - Parsing relationship: /xl/_rels/workbook.xml.rels
21:45:36.269 [main] DEBUG org.apache.poi.openxml4j.opc.PackageRelationshipCollection - Parsing relationship: /xl/worksheets/_rels/sheet1.xml.rels
21:45:36.269 [main] DEBUG org.apache.poi.openxml4j.opc.PackageRelationshipCollection - Parsing relationship: /_rels/.rels
21:45:36.273 [main] DEBUG org.apache.poi.ooxml.POIXMLFactory - using default POIXMLDocumentPart for http://schemas.openxmlformats.org/officeDocument/2006/relationships/printerSettings
21:45:36.278 [main] DEBUG org.apache.poi.openxml4j.opc.PackageRelationshipCollection - Parsing relationship: /xl/_rels/workbook.xml.rels
21:45:36.278 [main] DEBUG org.apache.poi.openxml4j.opc.PackageRelationshipCollection - Parsing relationship: /xl/worksheets/_rels/sheet1.xml.rels
21:45:36.278 [main] DEBUG org.apache.poi.openxml4j.opc.PackageRelationshipCollection - Parsing relationship: /_rels/.rels
21:45:36.282 [main] DEBUG org.apache.poi.ooxml.POIXMLFactory - using default POIXMLDocumentPart for http://schemas.openxmlformats.org/officeDocument/2006/relationships/printerSettings
21:45:36.287 [main] DEBUG org.apache.poi.openxml4j.opc.PackageRelationshipCollection - Parsing relationship: /xl/_rels/workbook.xml.rels
21:45:36.287 [main] DEBUG org.apache.poi.openxml4j.opc.PackageRelationshipCollection - Parsing relationship: /xl/worksheets/_rels/sheet1.xml.rels
21:45:36.288 [main] DEBUG org.apache.poi.openxml4j.opc.PackageRelationshipCollection - Parsing relationship: /_rels/.rels
21:45:36.291 [main] DEBUG org.apache.poi.ooxml.POIXMLFactory - using default POIXMLDocumentPart for http://schemas.openxmlformats.org/officeDocument/2006/relationships/printerSettings
21:45:36.295 [main] DEBUG org.apache.poi.openxml4j.opc.PackageRelationshipCollection - Parsing relationship: /xl/_rels/workbook.xml.rels
21:45:36.296 [main] DEBUG org.apache.poi.openxml4j.opc.PackageRelationshipCollection - Parsing relationship: /xl/worksheets/_rels/sheet1.xml.rels
21:45:36.296 [main] DEBUG org.apache.poi.openxml4j.opc.PackageRelationshipCollection - Parsing relationship: /_rels/.rels
21:45:36.299 [main] DEBUG org.apache.poi.ooxml.POIXMLFactory - using default POIXMLDocumentPart for http://schemas.openxmlformats.org/officeDocument/2006/relationships/printerSettings
21:45:36.303 [main] DEBUG org.apache.poi.openxml4j.opc.PackageRelationshipCollection - Parsing relationship: /xl/_rels/workbook.xml.rels
21:45:36.304 [main] DEBUG org.apache.poi.openxml4j.opc.PackageRelationshipCollection - Parsing relationship: /xl/worksheets/_rels/sheet1.xml.rels
21:45:36.304 [main] DEBUG org.apache.poi.openxml4j.opc.PackageRelationshipCollection - Parsing relationship: /_rels/.rels
21:45:36.307 [main] DEBUG org.apache.poi.ooxml.POIXMLFactory - using default POIXMLDocumentPart for http://schemas.openxmlformats.org/officeDocument/2006/relationships/printerSettings
21:45:36.311 [main] DEBUG org.apache.poi.openxml4j.opc.PackageRelationshipCollection - Parsing relationship: /xl/_rels/workbook.xml.rels
21:45:36.312 [main] DEBUG org.apache.poi.openxml4j.opc.PackageRelationshipCollection - Parsing relationship: /xl/worksheets/_rels/sheet1.xml.rels
21:45:36.312 [main] DEBUG org.apache.poi.openxml4j.opc.PackageRelationshipCollection - Parsing relationship: /_rels/.rels
21:45:36.315 [main] DEBUG org.apache.poi.ooxml.POIXMLFactory - using default POIXMLDocumentPart for http://schemas.openxmlformats.org/officeDocument/2006/relationships/printerSettings
21:45:36.320 [main] DEBUG org.apache.poi.openxml4j.opc.PackageRelationshipCollection - Parsing relationship: /xl/_rels/workbook.xml.rels
21:45:36.320 [main] DEBUG org.apache.poi.openxml4j.opc.PackageRelationshipCollection - Parsing relationship: /xl/worksheets/_rels/sheet1.xml.rels
21:45:36.320 [main] DEBUG org.apache.poi.openxml4j.opc.PackageRelationshipCollection - Parsing relationship: /_rels/.rels
21:45:36.323 [main] DEBUG org.apache.poi.ooxml.POIXMLFactory - using default POIXMLDocumentPart for http://schemas.openxmlformats.org/officeDocument/2006/relationships/printerSettings
21:45:36.327 [main] DEBUG org.apache.poi.openxml4j.opc.PackageRelationshipCollection - Parsing relationship: /xl/_rels/workbook.xml.rels
21:45:36.327 [main] DEBUG org.apache.poi.openxml4j.opc.PackageRelationshipCollection - Parsing relationship: /xl/worksheets/_rels/sheet1.xml.rels
21:45:36.327 [main] DEBUG org.apache.poi.openxml4j.opc.PackageRelationshipCollection - Parsing relationship: /_rels/.rels
21:45:36.330 [main] DEBUG org.apache.poi.ooxml.POIXMLFactory - using default POIXMLDocumentPart for http://schemas.openxmlformats.org/officeDocument/2006/relationships/printerSettings
21:45:36.334 [main] DEBUG org.apache.poi.openxml4j.opc.PackageRelationshipCollection - Parsing relationship: /xl/_rels/workbook.xml.rels
21:45:36.334 [main] DEBUG org.apache.poi.openxml4j.opc.PackageRelationshipCollection - Parsing relationship: /xl/worksheets/_rels/sheet1.xml.rels
21:45:36.334 [main] DEBUG org.apache.poi.openxml4j.opc.PackageRelationshipCollection - Parsing relationship: /_rels/.rels
21:45:36.337 [main] DEBUG org.apache.poi.ooxml.POIXMLFactory - using default POIXMLDocumentPart for http://schemas.openxmlformats.org/officeDocument/2006/relationships/printerSettings
21:45:36.341 [main] DEBUG org.apache.poi.openxml4j.opc.PackageRelationshipCollection - Parsing relationship: /xl/_rels/workbook.xml.rels
21:45:36.341 [main] DEBUG org.apache.poi.openxml4j.opc.PackageRelationshipCollection - Parsing relationship: /xl/worksheets/_rels/sheet1.xml.rels
21:45:36.342 [main] DEBUG org.apache.poi.openxml4j.opc.PackageRelationshipCollection - Parsing relationship: /_rels/.rels
21:45:36.344 [main] DEBUG org.apache.poi.ooxml.POIXMLFactory - using default POIXMLDocumentPart for http://schemas.openxmlformats.org/officeDocument/2006/relationships/printerSettings
21:45:36.350 [main] DEBUG org.apache.poi.openxml4j.opc.PackageRelationshipCollection - Parsing relationship: /xl/_rels/workbook.xml.rels
21:45:36.350 [main] DEBUG org.apache.poi.openxml4j.opc.PackageRelationshipCollection - Parsing relationship: /xl/worksheets/_rels/sheet1.xml.rels
21:45:36.350 [main] DEBUG org.apache.poi.openxml4j.opc.PackageRelationshipCollection - Parsing relationship: /_rels/.rels
21:45:36.354 [main] DEBUG org.apache.poi.ooxml.POIXMLFactory - using default POIXMLDocumentPart for http://schemas.openxmlformats.org/officeDocument/2006/relationships/printerSettings
21:45:36.358 [main] DEBUG org.apache.poi.openxml4j.opc.PackageRelationshipCollection - Parsing relationship: /xl/_rels/workbook.xml.rels
21:45:36.358 [main] DEBUG org.apache.poi.openxml4j.opc.PackageRelationshipCollection - Parsing relationship: /xl/worksheets/_rels/sheet1.xml.rels
21:45:36.359 [main] DEBUG org.apache.poi.openxml4j.opc.PackageRelationshipCollection - Parsing relationship: /_rels/.rels
21:45:36.361 [main] DEBUG org.apache.poi.ooxml.POIXMLFactory - using default POIXMLDocumentPart for http://schemas.openxmlformats.org/officeDocument/2006/relationships/printerSettings
21:45:36.365 [main] DEBUG org.apache.poi.openxml4j.opc.PackageRelationshipCollection - Parsing relationship: /xl/_rels/workbook.xml.rels
21:45:36.365 [main] DEBUG org.apache.poi.openxml4j.opc.PackageRelationshipCollection - Parsing relationship: /xl/worksheets/_rels/sheet1.xml.rels
21:45:36.366 [main] DEBUG org.apache.poi.openxml4j.opc.PackageRelationshipCollection - Parsing relationship: /_rels/.rels
21:45:36.369 [main] DEBUG org.apache.poi.ooxml.POIXMLFactory - using default POIXMLDocumentPart for http://schemas.openxmlformats.org/officeDocument/2006/relationships/printerSettings
21:45:36.373 [main] DEBUG org.apache.poi.openxml4j.opc.PackageRelationshipCollection - Parsing relationship: /xl/_rels/workbook.xml.rels
21:45:36.373 [main] DEBUG org.apache.poi.openxml4j.opc.PackageRelationshipCollection - Parsing relationship: /xl/worksheets/_rels/sheet1.xml.rels
21:45:36.373 [main] DEBUG org.apache.poi.openxml4j.opc.PackageRelationshipCollection - Parsing relationship: /_rels/.rels
21:45:36.376 [main] DEBUG org.apache.poi.ooxml.POIXMLFactory - using default POIXMLDocumentPart for http://schemas.openxmlformats.org/officeDocument/2006/relationships/printerSettings
21:45:40.840 [main] DEBUG org.apache.poi.openxml4j.opc.PackageRelationshipCollection - Parsing relationship: /xl/_rels/workbook.xml.rels
21:45:40.841 [main] DEBUG org.apache.poi.openxml4j.opc.PackageRelationshipCollection - Parsing relationship: /xl/worksheets/_rels/sheet1.xml.rels
21:45:40.841 [main] DEBUG org.apache.poi.openxml4j.opc.PackageRelationshipCollection - Parsing relationship: /_rels/.rels
21:45:40.844 [main] DEBUG org.apache.poi.ooxml.POIXMLFactory - using default POIXMLDocumentPart for http://schemas.openxmlformats.org/officeDocument/2006/relationships/printerSettings
21:45:40.848 [main] DEBUG org.apache.poi.openxml4j.opc.PackageRelationshipCollection - Parsing relationship: /xl/_rels/workbook.xml.rels
21:45:40.849 [main] DEBUG org.apache.poi.openxml4j.opc.PackageRelationshipCollection - Parsing relationship: /xl/worksheets/_rels/sheet1.xml.rels
21:45:40.849 [main] DEBUG org.apache.poi.openxml4j.opc.PackageRelationshipCollection - Parsing relationship: /_rels/.rels
21:45:40.851 [main] DEBUG org.apache.poi.ooxml.POIXMLFactory - using default POIXMLDocumentPart for http://schemas.openxmlformats.org/officeDocument/2006/relationships/printerSettings
21:45:40.855 [main] DEBUG org.apache.poi.openxml4j.opc.PackageRelationshipCollection - Parsing relationship: /xl/_rels/workbook.xml.rels
21:45:40.855 [main] DEBUG org.apache.poi.openxml4j.opc.PackageRelationshipCollection - Parsing relationship: /xl/worksheets/_rels/sheet1.xml.rels
21:45:40.856 [main] DEBUG org.apache.poi.openxml4j.opc.PackageRelationshipCollection - Parsing relationship: /_rels/.rels
21:45:40.860 [main] DEBUG org.apache.poi.ooxml.POIXMLFactory - using default POIXMLDocumentPart for http://schemas.openxmlformats.org/officeDocument/2006/relationships/printerSettings
21:45:40.863 [main] DEBUG org.apache.poi.openxml4j.opc.PackageRelationshipCollection - Parsing relationship: /xl/_rels/workbook.xml.rels
21:45:40.863 [main] DEBUG org.apache.poi.openxml4j.opc.PackageRelationshipCollection - Parsing relationship: /xl/worksheets/_rels/sheet1.xml.rels
21:45:40.864 [main] DEBUG org.apache.poi.openxml4j.opc.PackageRelationshipCollection - Parsing relationship: /_rels/.rels
21:45:40.866 [main] DEBUG org.apache.poi.ooxml.POIXMLFactory - using default POIXMLDocumentPart for http://schemas.openxmlformats.org/officeDocument/2006/relationships/printerSettings
21:45:44.408 [main] INFO  api.test.UserTests - ********** Creating user  ***************
21:45:45.553 [main] INFO  api.test.UserTests - **********User is creatged  ***************
21:45:45.554 [main] INFO  api.test.UserTests - ********** Reading User Info ***************
21:45:46.740 [main] INFO  api.test.UserTests - **********User info  is displayed ***************
21:45:46.741 [main] INFO  api.test.UserTests - ********** Updating User ***************
21:45:47.885 [main] INFO  api.test.UserTests - ********** User updated ***************
21:45:49.058 [main] INFO  api.test.UserTests - **********   Deleting User  ***************
21:45:50.219 [main] INFO  api.test.UserTests - ********** User deleted ***************
21:29:00.494 [main] INFO  api.test.UserTests2 - ********** Creating user  ***************
21:29:08.448 [main] INFO  api.test.UserTests2 - **********User is created  ***************
21:29:08.454 [main] INFO  api.test.UserTests2 - ********** Reading User Info ***************
21:29:09.645 [main] INFO  api.test.UserTests2 - **********User info  is displayed ***************
21:29:09.646 [main] INFO  api.test.UserTests2 - ********** Updating User ***************
21:29:10.843 [main] INFO  api.test.UserTests2 - ********** User updated ***************
21:29:11.993 [main] INFO  api.test.UserTests2 - **********   Deleting User  ***************
21:29:13.148 [main] INFO  api.test.UserTests2 - ********** User deleted ***************
21:29:57.570 [main] INFO  api.test.UserTests2 - ********** Creating user  ***************
21:29:59.670 [main] INFO  api.test.UserTests2 - **********User is created  ***************
21:29:59.676 [main] INFO  api.test.UserTests2 - ********** Reading User Info ***************
21:30:00.844 [main] INFO  api.test.UserTests2 - **********User info  is displayed ***************
21:30:00.846 [main] INFO  api.test.UserTests2 - ********** Updating User ***************
21:30:01.984 [main] INFO  api.test.UserTests2 - ********** User updated ***************
21:30:03.109 [main] INFO  api.test.UserTests2 - **********   Deleting User  ***************
21:30:04.317 [main] INFO  api.test.UserTests2 - ********** User deleted ***************
21:31:32.174 [main] INFO  api.test.UserTests2 - ********** Creating user  ***************
21:31:34.274 [main] INFO  api.test.UserTests2 - **********User is created  ***************
21:31:34.280 [main] INFO  api.test.UserTests2 - ********** Reading User Info ***************
21:31:35.467 [main] INFO  api.test.UserTests2 - **********User info  is displayed ***************
21:31:35.469 [main] INFO  api.test.UserTests2 - ********** Updating User ***************
21:31:36.702 [main] INFO  api.test.UserTests2 - ********** User updated ***************
21:31:37.863 [main] INFO  api.test.UserTests2 - **********   Deleting User  ***************
21:31:39.003 [main] INFO  api.test.UserTests2 - ********** User deleted ***************
21:36:46.439 [main] INFO  api.test.UserTests2 - ********** Creating user  ***************
21:36:48.567 [main] INFO  api.test.UserTests2 - **********User is created  ***************
21:36:48.573 [main] INFO  api.test.UserTests2 - ********** Reading User Info ***************
21:36:49.757 [main] INFO  api.test.UserTests2 - **********User info  is displayed ***************
21:36:49.759 [main] INFO  api.test.UserTests2 - ********** Updating User ***************
21:36:50.900 [main] INFO  api.test.UserTests2 - ********** User updated ***************
21:36:52.038 [main] INFO  api.test.UserTests2 - **********   Deleting User  ***************
21:36:53.187 [main] INFO  api.test.UserTests2 - ********** User deleted ***************
21:37:00.709 [main] INFO  api.test.UserTests2 - ********** Creating user  ***************
21:37:02.768 [main] INFO  api.test.UserTests2 - **********User is created  ***************
21:37:02.784 [main] INFO  api.test.UserTests2 - ********** Reading User Info ***************
21:37:04.004 [main] INFO  api.test.UserTests2 - **********User info  is displayed ***************
21:37:04.010 [main] INFO  api.test.UserTests2 - ********** Updating User ***************
21:37:05.193 [main] INFO  api.test.UserTests2 - ********** User updated ***************
21:37:06.365 [main] INFO  api.test.UserTests2 - **********   Deleting User  ***************
21:37:07.573 [main] INFO  api.test.UserTests2 - ********** User deleted ***************
21:39:14.834 [main] INFO  api.test.UserTests2 - ********** Creating user  ***************
21:39:16.853 [main] INFO  api.test.UserTests2 - **********User is created  ***************
21:39:16.859 [main] INFO  api.test.UserTests2 - ********** Reading User Info ***************
21:39:18.100 [main] INFO  api.test.UserTests2 - **********User info  is displayed ***************
21:39:18.101 [main] INFO  api.test.UserTests2 - ********** Updating User ***************
21:39:19.266 [main] INFO  api.test.UserTests2 - ********** User updated ***************
21:39:20.410 [main] INFO  api.test.UserTests2 - **********   Deleting User  ***************
21:39:21.603 [main] INFO  api.test.UserTests2 - ********** User deleted ***************
21:39:30.108 [main] INFO  api.test.UserTests2 - ********** Creating user  ***************
21:39:32.257 [main] INFO  api.test.UserTests2 - **********User is created  ***************
21:39:32.257 [main] INFO  api.test.UserTests2 - ********** Reading User Info ***************
21:39:33.475 [main] INFO  api.test.UserTests2 - **********User info  is displayed ***************
21:39:33.477 [main] INFO  api.test.UserTests2 - ********** Updating User ***************
21:39:34.601 [main] INFO  api.test.UserTests2 - ********** User updated ***************
21:39:35.727 [main] INFO  api.test.UserTests2 - **********   Deleting User  ***************
21:39:36.853 [main] INFO  api.test.UserTests2 - ********** User deleted ***************
21:40:30.071 [main] INFO  api.test.UserTests2 - ********** Creating user  ***************
21:40:33.168 [main] INFO  api.test.UserTests2 - **********User is created  ***************
21:40:33.174 [main] INFO  api.test.UserTests2 - ********** Reading User Info ***************
21:40:34.394 [main] INFO  api.test.UserTests2 - **********User info  is displayed ***************
21:40:34.395 [main] INFO  api.test.UserTests2 - ********** Updating User ***************
21:40:35.519 [main] INFO  api.test.UserTests2 - ********** User updated ***************
21:40:36.721 [main] INFO  api.test.UserTests2 - **********   Deleting User  ***************
21:40:37.885 [main] INFO  api.test.UserTests2 - ********** User deleted ***************
21:40:49.106 [main] INFO  api.test.UserTests2 - ********** Creating user  ***************
21:40:51.144 [main] INFO  api.test.UserTests2 - **********User is created  ***************
21:40:51.150 [main] INFO  api.test.UserTests2 - ********** Reading User Info ***************
21:40:52.360 [main] INFO  api.test.UserTests2 - **********User info  is displayed ***************
21:40:52.361 [main] INFO  api.test.UserTests2 - ********** Updating User ***************
21:40:53.573 [main] INFO  api.test.UserTests2 - ********** User updated ***************
21:40:54.724 [main] INFO  api.test.UserTests2 - **********   Deleting User  ***************
21:40:55.893 [main] INFO  api.test.UserTests2 - ********** User deleted ***************
21:41:04.139 [main] INFO  api.test.UserTests2 - ********** Creating user  ***************
21:41:06.168 [main] INFO  api.test.UserTests2 - **********User is created  ***************
21:41:06.174 [main] INFO  api.test.UserTests2 - ********** Reading User Info ***************
21:41:07.326 [main] INFO  api.test.UserTests2 - **********User info  is displayed ***************
21:41:07.328 [main] INFO  api.test.UserTests2 - ********** Updating User ***************
21:41:08.491 [main] INFO  api.test.UserTests2 - ********** User updated ***************
21:41:09.619 [main] INFO  api.test.UserTests2 - **********   Deleting User  ***************
21:41:10.763 [main] INFO  api.test.UserTests2 - ********** User deleted ***************
21:41:17.366 [main] INFO  api.test.UserTests2 - ********** Creating user  ***************
21:41:19.451 [main] INFO  api.test.UserTests2 - **********User is created  ***************
21:41:19.457 [main] INFO  api.test.UserTests2 - ********** Reading User Info ***************
21:41:20.620 [main] INFO  api.test.UserTests2 - **********User info  is displayed ***************
21:41:20.621 [main] INFO  api.test.UserTests2 - ********** Updating User ***************
21:41:21.760 [main] INFO  api.test.UserTests2 - ********** User updated ***************
21:41:22.935 [main] INFO  api.test.UserTests2 - **********   Deleting User  ***************
21:41:24.081 [main] INFO  api.test.UserTests2 - ********** User deleted ***************
21:41:30.018 [main] INFO  api.test.UserTests2 - ********** Creating user  ***************
21:41:32.102 [main] INFO  api.test.UserTests2 - **********User is created  ***************
21:41:32.108 [main] INFO  api.test.UserTests2 - ********** Reading User Info ***************
21:41:33.301 [main] INFO  api.test.UserTests2 - **********User info  is displayed ***************
21:41:33.302 [main] INFO  api.test.UserTests2 - ********** Updating User ***************
21:41:34.470 [main] INFO  api.test.UserTests2 - ********** User updated ***************
21:41:35.672 [main] INFO  api.test.UserTests2 - **********   Deleting User  ***************
21:41:36.853 [main] INFO  api.test.UserTests2 - ********** User deleted ***************
21:41:57.075 [main] INFO  api.test.UserTests2 - ********** Creating user  ***************
21:41:59.106 [main] INFO  api.test.UserTests2 - **********User is created  ***************
21:41:59.113 [main] INFO  api.test.UserTests2 - ********** Reading User Info ***************
21:42:00.291 [main] INFO  api.test.UserTests2 - **********User info  is displayed ***************
21:42:00.292 [main] INFO  api.test.UserTests2 - ********** Updating User ***************
21:42:01.431 [main] INFO  api.test.UserTests2 - ********** User updated ***************
21:42:02.592 [main] INFO  api.test.UserTests2 - **********   Deleting User  ***************
21:42:03.805 [main] INFO  api.test.UserTests2 - ********** User deleted ***************
21:43:15.808 [main] INFO  api.test.UserTests2 - ********** Creating user  ***************
21:43:17.923 [main] INFO  api.test.UserTests2 - **********User is created  ***************
21:43:17.930 [main] INFO  api.test.UserTests2 - ********** Reading User Info ***************
21:43:19.158 [main] INFO  api.test.UserTests2 - **********User info  is displayed ***************
21:43:19.159 [main] INFO  api.test.UserTests2 - ********** Updating User ***************
21:43:20.356 [main] INFO  api.test.UserTests2 - ********** User updated ***************
21:43:21.516 [main] INFO  api.test.UserTests2 - **********   Deleting User  ***************
21:43:22.689 [main] INFO  api.test.UserTests2 - ********** User deleted ***************
21:44:15.220 [main] INFO  api.test.UserTests2 - ********** Creating user  ***************
21:44:17.249 [main] INFO  api.test.UserTests2 - **********User is created  ***************
21:44:17.249 [main] INFO  api.test.UserTests2 - ********** Reading User Info ***************
21:44:18.437 [main] INFO  api.test.UserTests2 - **********User info  is displayed ***************
21:44:18.440 [main] INFO  api.test.UserTests2 - ********** Updating User ***************
21:44:19.562 [main] INFO  api.test.UserTests2 - ********** User updated ***************
21:44:20.762 [main] INFO  api.test.UserTests2 - **********   Deleting User  ***************
21:44:21.961 [main] INFO  api.test.UserTests2 - ********** User deleted ***************
22:24:45.569 [main] INFO  api.test.UserTests2 - ********** Creating user  ***************
22:24:47.626 [main] INFO  api.test.UserTests2 - **********User is created  ***************
22:24:47.626 [main] INFO  api.test.UserTests2 - ********** Reading User Info ***************
22:24:48.814 [main] INFO  api.test.UserTests2 - **********User info  is displayed ***************
22:24:48.821 [main] INFO  api.test.UserTests2 - ********** Updating User ***************
22:24:50.002 [main] INFO  api.test.UserTests2 - ********** User updated ***************
22:24:51.127 [main] INFO  api.test.UserTests2 - **********   Deleting User  ***************
22:24:52.269 [main] INFO  api.test.UserTests2 - ********** User deleted ***************
18:30:00.197 [main] INFO  api.test.UserTests2 - ********** Creating user  ***************
18:30:43.135 [main] INFO  api.test.UserTests2 - ********** Reading User Info ***************
18:30:44.440 [main] INFO  api.test.UserTests2 - ********** Updating User ***************
18:30:45.633 [main] INFO  api.test.UserTests2 - ********** User updated ***************
18:30:46.797 [main] INFO  api.test.UserTests2 - **********   Deleting User  ***************
18:30:47.953 [main] INFO  api.test.UserTests2 - ********** User deleted ***************
18:32:26.054 [main] INFO  api.test.UserTests2 - ********** Creating user  ***************
18:32:28.218 [main] INFO  api.test.UserTests2 - **********User is created  ***************
18:32:28.225 [main] INFO  api.test.UserTests2 - ********** Reading User Info ***************
18:32:29.385 [main] INFO  api.test.UserTests2 - **********User info  is displayed ***************
18:32:29.387 [main] INFO  api.test.UserTests2 - ********** Updating User ***************
18:32:30.535 [main] INFO  api.test.UserTests2 - ********** User updated ***************
18:32:31.686 [main] INFO  api.test.UserTests2 - **********   Deleting User  ***************
18:32:32.876 [main] INFO  api.test.UserTests2 - ********** User deleted ***************
18:35:07.176 [main] INFO  api.test.UserTests2 - ********** Creating user  ***************
18:35:09.302 [main] INFO  api.test.UserTests2 - **********User is created  ***************
18:35:09.308 [main] INFO  api.test.UserTests2 - ********** Reading User Info ***************
18:35:10.475 [main] INFO  api.test.UserTests2 - **********User info  is displayed ***************
18:35:10.477 [main] INFO  api.test.UserTests2 - ********** Updating User ***************
18:35:11.594 [main] INFO  api.test.UserTests2 - ********** User updated ***************
18:35:12.745 [main] INFO  api.test.UserTests2 - **********   Deleting User  ***************
18:35:13.837 [main] INFO  api.test.UserTests2 - ********** User deleted ***************
19:58:49.822 [main] INFO  api.test.UserTests2 - ********** Creating user  ***************
19:58:51.936 [main] INFO  api.test.UserTests2 - **********User is created  ***************
19:58:51.942 [main] INFO  api.test.UserTests2 - ********** Reading User Info ***************
19:58:53.211 [main] INFO  api.test.UserTests2 - **********User info  is displayed ***************
19:58:53.213 [main] INFO  api.test.UserTests2 - ********** Updating User ***************
19:58:54.415 [main] INFO  api.test.UserTests2 - ********** User updated ***************
19:58:55.634 [main] INFO  api.test.UserTests2 - **********   Deleting User  ***************
19:58:56.862 [main] INFO  api.test.UserTests2 - ********** User deleted ***************
